2025-01-31 18:19:07,946 [INFO] Получено сообщение: [LogsNotification {
    result: LogsNotificationResult {
        context: RpcResponseContext {
            slot: 317584109,
            api_version: None,
        },
        value: RpcLogsResponse(
            RpcLogsResponse {
                signature: "3w8BJ79ckBE6dUg1C61MdN3TEVD9UNj6MKgfhHCHtfEXxB726g2i6MPf55Baf6NcnTsYkx2BeBTjLrj6bW4ChTUj",
                err: None,
                logs: [
                    "Program ComputeBudget111111111111111111111111111111 invoke [1]",
                    "Program ComputeBudget111111111111111111111111111111 success",
                    "Program ComputeBudget111111111111111111111111111111 invoke [1]",
                    "Program ComputeBudget111111111111111111111111111111 success",
                    "Program ATokenGPvbdGVxr1b2hvZbsiqW5xWH25efTNsLJA8knL invoke [1]",
                    "Program log: CreateIdempotent",
                    "Program TokenkegQfeZyiNwAJbNbGKPFXCWuBvf9Ss623VQ5DA invoke [2]",
                    "Program log: Instruction: GetAccountDataSize",
                    "Program TokenkegQfeZyiNwAJbNbGKPFXCWuBvf9Ss623VQ5DA consumed 1569 of 94295 compute units",
                    "Program return: TokenkegQfeZyiNwAJbNbGKPFXCWuBvf9Ss623VQ5DA pQAAAAAAAAA=",
                    "Program TokenkegQfeZyiNwAJbNbGKPFXCWuBvf9Ss623VQ5DA success",
                    "Program 11111111111111111111111111111111 invoke [2]",
                    "Program 11111111111111111111111111111111 success",
                    "Program log: Initialize the associated token account",
                    "Program TokenkegQfeZyiNwAJbNbGKPFXCWuBvf9Ss623VQ5DA invoke [2]",
                    "Program log: Instruction: InitializeImmutableOwner",
                    "Program log: Please upgrade to SPL Token 2022 for immutable owner support",
                    "Program TokenkegQfeZyiNwAJbNbGKPFXCWuBvf9Ss623VQ5DA consumed 1405 of 87708 compute units",
                    "Program TokenkegQfeZyiNwAJbNbGKPFXCWuBvf9Ss623VQ5DA success",
                    "Program TokenkegQfeZyiNwAJbNbGKPFXCWuBvf9Ss623VQ5DA invoke [2]",
                    "Program log: Instruction: InitializeAccount3",
                    "Program TokenkegQfeZyiNwAJbNbGKPFXCWuBvf9Ss623VQ5DA consumed 3158 of 83826 compute units",
                    "Program TokenkegQfeZyiNwAJbNbGKPFXCWuBvf9Ss623VQ5DA success",
                    "Program ATokenGPvbdGVxr1b2hvZbsiqW5xWH25efTNsLJA8knL consumed 19315 of 99700 compute units",
                    "Program ATokenGPvbdGVxr1b2hvZbsiqW5xWH25efTNsLJA8knL success",
                    "Program 675kPX9MHTjS2zt1qfr1NYHuzeLXfQM9H24wFSUt1Mp8 invoke [1]",
                    "Program log: ray_log: A8u0UCBVBQAAAAAAAAAAAAABAAAAAAAAAFoUBL8oEAAAslofZxAAAABJwFfOj9QAAJ+yg2YAAAAA",
                    "Program TokenkegQfeZyiNwAJbNbGKPFXCWuBvf9Ss623VQ5DA invoke [2]",
                    "Program log: Instruction: Transfer",
                    "Program TokenkegQfeZyiNwAJbNbGKPFXCWuBvf9Ss623VQ5DA consumed 4645 of 62916 compute units",
                    "Program TokenkegQfeZyiNwAJbNbGKPFXCWuBvf9Ss623VQ5DA success",
                    "Program TokenkegQfeZyiNwAJbNbGKPFXCWuBvf9Ss623VQ5DA invoke [2]",
                    "Program log: Instruction: Transfer",
                    "Program TokenkegQfeZyiNwAJbNbGKPFXCWuBvf9Ss623VQ5DA consumed 4736 of 55290 compute units",
                    "Program TokenkegQfeZyiNwAJbNbGKPFXCWuBvf9Ss623VQ5DA success",
                    "Program 675kPX9MHTjS2zt1qfr1NYHuzeLXfQM9H24wFSUt1Mp8 consumed 30719 of 80385 compute units",
                    "Program 675kPX9MHTjS2zt1qfr1NYHuzeLXfQM9H24wFSUt1Mp8 success",
                    "Program TokenkegQfeZyiNwAJbNbGKPFXCWuBvf9Ss623VQ5DA invoke [1]",
                    "Program log: Instruction: CloseAccount",
                    "Program TokenkegQfeZyiNwAJbNbGKPFXCWuBvf9Ss623VQ5DA consumed 2997 of 49666 compute units",
                    "Program TokenkegQfeZyiNwAJbNbGKPFXCWuBvf9Ss623VQ5DA success",
                    "Program 11111111111111111111111111111111 invoke [1]",
                    "Program 11111111111111111111111111111111 success",
                    "Program 11111111111111111111111111111111 invoke [1]",
                    "Program 11111111111111111111111111111111 success",
                ],
            },
        ),
    },
    subscription: 638570,
}]
2025-01-31 18:19:08,034 [INFO] Парсинг транзакции
2025-01-31 18:19:08,624 [INFO] Получено сообщение: [LogsNotification {
    result: LogsNotificationResult {
        context: RpcResponseContext {
            slot: 317584116,
            api_version: None,
        },
        value: RpcLogsResponse(
            RpcLogsResponse {
                signature: "pbf7ZEnRUcUEVWVU5W2eFAsR2u7z3rcXhhkk54VKbcvPMdctB6gVptUDb3bfiQnTicQxodG67xmjJDFppt5oijt",
                err: None,
                logs: [
                    "Program ComputeBudget111111111111111111111111111111 invoke [1]",
                    "Program ComputeBudget111111111111111111111111111111 success",
                    "Program ComputeBudget111111111111111111111111111111 invoke [1]",
                    "Program ComputeBudget111111111111111111111111111111 success",
                    "Program 11111111111111111111111111111111 invoke [1]",
                    "Program 11111111111111111111111111111111 success",
                    "Program ATokenGPvbdGVxr1b2hvZbsiqW5xWH25efTNsLJA8knL invoke [1]",
                    "Program log: Create",
                    "Program TokenkegQfeZyiNwAJbNbGKPFXCWuBvf9Ss623VQ5DA invoke [2]",
                    "Program log: Instruction: GetAccountDataSize",
                    "Program TokenkegQfeZyiNwAJbNbGKPFXCWuBvf9Ss623VQ5DA consumed 1569 of 94153 compute units",
                    "Program return: TokenkegQfeZyiNwAJbNbGKPFXCWuBvf9Ss623VQ5DA pQAAAAAAAAA=",
                    "Program TokenkegQfeZyiNwAJbNbGKPFXCWuBvf9Ss623VQ5DA success",
                    "Program 11111111111111111111111111111111 invoke [2]",
                    "Program 11111111111111111111111111111111 success",
                    "Program log: Initialize the associated token account",
                    "Program TokenkegQfeZyiNwAJbNbGKPFXCWuBvf9Ss623VQ5DA invoke [2]",
                    "Program log: Instruction: InitializeImmutableOwner",
                    "Program log: Please upgrade to SPL Token 2022 for immutable owner support",
                    "Program TokenkegQfeZyiNwAJbNbGKPFXCWuBvf9Ss623VQ5DA consumed 1405 of 87566 compute units",
                    "Program TokenkegQfeZyiNwAJbNbGKPFXCWuBvf9Ss623VQ5DA success",
                    "Program TokenkegQfeZyiNwAJbNbGKPFXCWuBvf9Ss623VQ5DA invoke [2]",
                    "Program log: Instruction: InitializeAccount3",
                    "Program TokenkegQfeZyiNwAJbNbGKPFXCWuBvf9Ss623VQ5DA consumed 3158 of 83684 compute units",
                    "Program TokenkegQfeZyiNwAJbNbGKPFXCWuBvf9Ss623VQ5DA success",
                    "Program ATokenGPvbdGVxr1b2hvZbsiqW5xWH25efTNsLJA8knL consumed 22307 of 102550 compute units",
                    "Program ATokenGPvbdGVxr1b2hvZbsiqW5xWH25efTNsLJA8knL success",
                    "Program b1oomGGqPKGD6errbyfbVMBuzSC8WtAAYo8MwNafWW1 invoke [1]",
                    "Program log: Powered by https://telegram.bloombot.app",
                    "Program 675kPX9MHTjS2zt1qfr1NYHuzeLXfQM9H24wFSUt1Mp8 invoke [2]",
                    "Program log: ray_log: A4LG5kViAAAAi7tFcgAAAAABAAAAAAAAAHnFEqcxEwAAp7+mIF8AAADrELS5pDAAAFyxNL4AAAAA",
                    "Program TokenkegQfeZyiNwAJbNbGKPFXCWuBvf9Ss623VQ5DA invoke [3]",
                    "Program log: Instruction: Transfer",
                    "Program TokenkegQfeZyiNwAJbNbGKPFXCWuBvf9Ss623VQ5DA consumed 4645 of 52070 compute units",
                    "Program TokenkegQfeZyiNwAJbNbGKPFXCWuBvf9Ss623VQ5DA success",
                    "Program TokenkegQfeZyiNwAJbNbGKPFXCWuBvf9Ss623VQ5DA invoke [3]",
                    "Program log: Instruction: Transfer",
                    "Program TokenkegQfeZyiNwAJbNbGKPFXCWuBvf9Ss623VQ5DA consumed 4736 of 44444 compute units",
                    "Program TokenkegQfeZyiNwAJbNbGKPFXCWuBvf9Ss623VQ5DA success",
                    "Program 675kPX9MHTjS2zt1qfr1NYHuzeLXfQM9H24wFSUt1Mp8 consumed 30525 of 69379 compute units",
                    "Program 675kPX9MHTjS2zt1qfr1NYHuzeLXfQM9H24wFSUt1Mp8 success",
                    "Program TokenkegQfeZyiNwAJbNbGKPFXCWuBvf9Ss623VQ5DA invoke [2]",
                    "Program log: Instruction: CloseAccount",
                    "Program TokenkegQfeZyiNwAJbNbGKPFXCWuBvf9Ss623VQ5DA consumed 2997 of 36903 compute units",
                    "Program TokenkegQfeZyiNwAJbNbGKPFXCWuBvf9Ss623VQ5DA success",
                    "Program 11111111111111111111111111111111 invoke [2]",
                    "Program 11111111111111111111111111111111 success",
                    "Program b1oomGGqPKGD6errbyfbVMBuzSC8WtAAYo8MwNafWW1 consumed 48183 of 80243 compute units",
                    "Program b1oomGGqPKGD6errbyfbVMBuzSC8WtAAYo8MwNafWW1 success",
                ],
            },
        ),
    },
    subscription: 638626,
}]
2025-01-31 18:19:09,138 [INFO] Парсинг транзакции
2025-01-31 18:19:10,050 [INFO] Получено сообщение: [LogsNotification {
    result: LogsNotificationResult {
        context: RpcResponseContext {
            slot: 317584119,
            api_version: None,
        },
        value: RpcLogsResponse(
            RpcLogsResponse {
                signature: "5f42fwtS11GnbNCVRLpSvLJakyNykt7XkGUNJ3Hqoxzz6TShgdE2ney3So3kTNjRhcvmVQFKD7zaDx6tSyydo4tS",
                err: None,
                logs: [
                    "Program ComputeBudget111111111111111111111111111111 invoke [1]",
                    "Program ComputeBudget111111111111111111111111111111 success",
                    "Program ComputeBudget111111111111111111111111111111 invoke [1]",
                    "Program ComputeBudget111111111111111111111111111111 success",
                    "Program 11111111111111111111111111111111 invoke [1]",
                    "Program 11111111111111111111111111111111 success",
                    "Program ATokenGPvbdGVxr1b2hvZbsiqW5xWH25efTNsLJA8knL invoke [1]",
                    "Program log: Create",
                    "Program TokenkegQfeZyiNwAJbNbGKPFXCWuBvf9Ss623VQ5DA invoke [2]",
                    "Program log: Instruction: GetAccountDataSize",
                    "Program TokenkegQfeZyiNwAJbNbGKPFXCWuBvf9Ss623VQ5DA consumed 1569 of 94153 compute units",
                    "Program return: TokenkegQfeZyiNwAJbNbGKPFXCWuBvf9Ss623VQ5DA pQAAAAAAAAA=",
                    "Program TokenkegQfeZyiNwAJbNbGKPFXCWuBvf9Ss623VQ5DA success",
                    "Program 11111111111111111111111111111111 invoke [2]",
                    "Program 11111111111111111111111111111111 success",
                    "Program log: Initialize the associated token account",
                    "Program TokenkegQfeZyiNwAJbNbGKPFXCWuBvf9Ss623VQ5DA invoke [2]",
                    "Program log: Instruction: InitializeImmutableOwner",
                    "Program log: Please upgrade to SPL Token 2022 for immutable owner support",
                    "Program TokenkegQfeZyiNwAJbNbGKPFXCWuBvf9Ss623VQ5DA consumed 1405 of 87566 compute units",
                    "Program TokenkegQfeZyiNwAJbNbGKPFXCWuBvf9Ss623VQ5DA success",
                    "Program TokenkegQfeZyiNwAJbNbGKPFXCWuBvf9Ss623VQ5DA invoke [2]",
                    "Program log: Instruction: InitializeAccount3",
                    "Program TokenkegQfeZyiNwAJbNbGKPFXCWuBvf9Ss623VQ5DA consumed 3158 of 83684 compute units",
                    "Program TokenkegQfeZyiNwAJbNbGKPFXCWuBvf9Ss623VQ5DA success",
                    "Program ATokenGPvbdGVxr1b2hvZbsiqW5xWH25efTNsLJA8knL consumed 22307 of 102550 compute units",
                    "Program ATokenGPvbdGVxr1b2hvZbsiqW5xWH25efTNsLJA8knL success",
                    "Program b1oomGGqPKGD6errbyfbVMBuzSC8WtAAYo8MwNafWW1 invoke [1]",
                    "Program log: Powered by https://telegram.bloombot.app",
                    "Program 675kPX9MHTjS2zt1qfr1NYHuzeLXfQM9H24wFSUt1Mp8 invoke [2]",
                    "Program log: ray_log: A+ZRvk5gAAAAWz9LbgAAAAABAAAAAAAAAPf+K2HPEgAAqM++vGAAAADY6veR1i8AAPePwMAAAAAA",
                    "Program TokenkegQfeZyiNwAJbNbGKPFXCWuBvf9Ss623VQ5DA invoke [3]",
                    "Program log: Instruction: Transfer",
                    "Program TokenkegQfeZyiNwAJbNbGKPFXCWuBvf9Ss623VQ5DA consumed 4645 of 52088 compute units",
                    "Program TokenkegQfeZyiNwAJbNbGKPFXCWuBvf9Ss623VQ5DA success",
                    "Program TokenkegQfeZyiNwAJbNbGKPFXCWuBvf9Ss623VQ5DA invoke [3]",
                    "Program log: Instruction: Transfer",
                    "Program TokenkegQfeZyiNwAJbNbGKPFXCWuBvf9Ss623VQ5DA consumed 4736 of 44462 compute units",
                    "Program TokenkegQfeZyiNwAJbNbGKPFXCWuBvf9Ss623VQ5DA success",
                    "Program 675kPX9MHTjS2zt1qfr1NYHuzeLXfQM9H24wFSUt1Mp8 consumed 30507 of 69379 compute units",
                    "Program 675kPX9MHTjS2zt1qfr1NYHuzeLXfQM9H24wFSUt1Mp8 success",
                    "Program TokenkegQfeZyiNwAJbNbGKPFXCWuBvf9Ss623VQ5DA invoke [2]",
                    "Program log: Instruction: CloseAccount",
                    "Program TokenkegQfeZyiNwAJbNbGKPFXCWuBvf9Ss623VQ5DA consumed 2997 of 36921 compute units",
                    "Program TokenkegQfeZyiNwAJbNbGKPFXCWuBvf9Ss623VQ5DA success",
                    "Program 11111111111111111111111111111111 invoke [2]",
                    "Program 11111111111111111111111111111111 success",
                    "Program b1oomGGqPKGD6errbyfbVMBuzSC8WtAAYo8MwNafWW1 consumed 48165 of 80243 compute units",
                    "Program b1oomGGqPKGD6errbyfbVMBuzSC8WtAAYo8MwNafWW1 success",
                ],
            },
        ),
    },
    subscription: 638626,
}]
2025-01-31 18:19:10,393 [INFO] Парсинг транзакции
2025-01-31 18:19:11,225 [INFO] Получено сообщение: [LogsNotification {
    result: LogsNotificationResult {
        context: RpcResponseContext {
            slot: 317584121,
            api_version: None,
        },
        value: RpcLogsResponse(
            RpcLogsResponse {
                signature: "36tGhHpAbWNSQiKsPJjtAydw8B64DxX9vCzLQjtgB5HbshuBZFoVjRQhWDzCpBNCE4hn9xJmR7AkhWrHoHUAzgYk",
                err: None,
                logs: [
                    "Program ComputeBudget111111111111111111111111111111 invoke [1]",
                    "Program ComputeBudget111111111111111111111111111111 success",
                    "Program ComputeBudget111111111111111111111111111111 invoke [1]",
                    "Program ComputeBudget111111111111111111111111111111 success",
                    "Program 11111111111111111111111111111111 invoke [1]",
                    "Program 11111111111111111111111111111111 success",
                    "Program ATokenGPvbdGVxr1b2hvZbsiqW5xWH25efTNsLJA8knL invoke [1]",
                    "Program log: Create",
                    "Program TokenkegQfeZyiNwAJbNbGKPFXCWuBvf9Ss623VQ5DA invoke [2]",
                    "Program log: Instruction: GetAccountDataSize",
                    "Program TokenkegQfeZyiNwAJbNbGKPFXCWuBvf9Ss623VQ5DA consumed 1569 of 94153 compute units",
                    "Program return: TokenkegQfeZyiNwAJbNbGKPFXCWuBvf9Ss623VQ5DA pQAAAAAAAAA=",
                    "Program TokenkegQfeZyiNwAJbNbGKPFXCWuBvf9Ss623VQ5DA success",
                    "Program 11111111111111111111111111111111 invoke [2]",
                    "Program 11111111111111111111111111111111 success",
                    "Program log: Initialize the associated token account",
                    "Program TokenkegQfeZyiNwAJbNbGKPFXCWuBvf9Ss623VQ5DA invoke [2]",
                    "Program log: Instruction: InitializeImmutableOwner",
                    "Program log: Please upgrade to SPL Token 2022 for immutable owner support",
                    "Program TokenkegQfeZyiNwAJbNbGKPFXCWuBvf9Ss623VQ5DA consumed 1405 of 87566 compute units",
                    "Program TokenkegQfeZyiNwAJbNbGKPFXCWuBvf9Ss623VQ5DA success",
                    "Program TokenkegQfeZyiNwAJbNbGKPFXCWuBvf9Ss623VQ5DA invoke [2]",
                    "Program log: Instruction: InitializeAccount3",
                    "Program TokenkegQfeZyiNwAJbNbGKPFXCWuBvf9Ss623VQ5DA consumed 3158 of 83684 compute units",
                    "Program TokenkegQfeZyiNwAJbNbGKPFXCWuBvf9Ss623VQ5DA success",
                    "Program ATokenGPvbdGVxr1b2hvZbsiqW5xWH25efTNsLJA8knL consumed 22307 of 102550 compute units",
                    "Program ATokenGPvbdGVxr1b2hvZbsiqW5xWH25efTNsLJA8knL success",
                    "Program b1oomGGqPKGD6errbyfbVMBuzSC8WtAAYo8MwNafWW1 invoke [1]",
                    "Program log: Powered by https://telegram.bloombot.app",
                    "Program 675kPX9MHTjS2zt1qfr1NYHuzeLXfQM9H24wFSUt1Mp8 invoke [2]",
                    "Program log: ray_log: A5QIpmFeAAAAZGHcbwAAAAABAAAAAAAAABGtbRJvEgAAs4siwl8AAAC68R0VVDAAAEK9IbkAAAAA",
                    "Program TokenkegQfeZyiNwAJbNbGKPFXCWuBvf9Ss623VQ5DA invoke [3]",
                    "Program log: Instruction: Transfer",
                    "Program TokenkegQfeZyiNwAJbNbGKPFXCWuBvf9Ss623VQ5DA consumed 4645 of 52084 compute units",
                    "Program TokenkegQfeZyiNwAJbNbGKPFXCWuBvf9Ss623VQ5DA success",
                    "Program TokenkegQfeZyiNwAJbNbGKPFXCWuBvf9Ss623VQ5DA invoke [3]",
                    "Program log: Instruction: Transfer",
                    "Program TokenkegQfeZyiNwAJbNbGKPFXCWuBvf9Ss623VQ5DA consumed 4736 of 44458 compute units",
                    "Program TokenkegQfeZyiNwAJbNbGKPFXCWuBvf9Ss623VQ5DA success",
                    "Program 675kPX9MHTjS2zt1qfr1NYHuzeLXfQM9H24wFSUt1Mp8 consumed 30511 of 69379 compute units",
                    "Program 675kPX9MHTjS2zt1qfr1NYHuzeLXfQM9H24wFSUt1Mp8 success",
                    "Program TokenkegQfeZyiNwAJbNbGKPFXCWuBvf9Ss623VQ5DA invoke [2]",
                    "Program log: Instruction: CloseAccount",
                    "Program TokenkegQfeZyiNwAJbNbGKPFXCWuBvf9Ss623VQ5DA consumed 2997 of 36917 compute units",
                    "Program TokenkegQfeZyiNwAJbNbGKPFXCWuBvf9Ss623VQ5DA success",
                    "Program 11111111111111111111111111111111 invoke [2]",
                    "Program 11111111111111111111111111111111 success",
                    "Program b1oomGGqPKGD6errbyfbVMBuzSC8WtAAYo8MwNafWW1 consumed 48169 of 80243 compute units",
                    "Program b1oomGGqPKGD6errbyfbVMBuzSC8WtAAYo8MwNafWW1 success",
                ],
            },
        ),
    },
    subscription: 638626,
}]
2025-01-31 18:19:11,225 [INFO] Парсинг транзакции
2025-01-31 18:19:11,911 [INFO] Получено сообщение: [LogsNotification {
    result: LogsNotificationResult {
        context: RpcResponseContext {
            slot: 317584124,
            api_version: None,
        },
        value: RpcLogsResponse(
            RpcLogsResponse {
                signature: "3GHxKjg6ApZEF2RUU2LE9ejFArN59SikZY8P9Q5iygMfm8gv3A7xnBB9mzXrpQKcPsEdSXEx9yGhW9Z1owNnP8YX",
                err: None,
                logs: [
                    "Program ComputeBudget111111111111111111111111111111 invoke [1]",
                    "Program ComputeBudget111111111111111111111111111111 success",
                    "Program ComputeBudget111111111111111111111111111111 invoke [1]",
                    "Program ComputeBudget111111111111111111111111111111 success",
                    "Program 11111111111111111111111111111111 invoke [1]",
                    "Program 11111111111111111111111111111111 success",
                    "Program ATokenGPvbdGVxr1b2hvZbsiqW5xWH25efTNsLJA8knL invoke [1]",
                    "Program log: Create",
                    "Program TokenkegQfeZyiNwAJbNbGKPFXCWuBvf9Ss623VQ5DA invoke [2]",
                    "Program log: Instruction: GetAccountDataSize",
                    "Program TokenkegQfeZyiNwAJbNbGKPFXCWuBvf9Ss623VQ5DA consumed 1569 of 94153 compute units",
                    "Program return: TokenkegQfeZyiNwAJbNbGKPFXCWuBvf9Ss623VQ5DA pQAAAAAAAAA=",
                    "Program TokenkegQfeZyiNwAJbNbGKPFXCWuBvf9Ss623VQ5DA success",
                    "Program 11111111111111111111111111111111 invoke [2]",
                    "Program 11111111111111111111111111111111 success",
                    "Program log: Initialize the associated token account",
                    "Program TokenkegQfeZyiNwAJbNbGKPFXCWuBvf9Ss623VQ5DA invoke [2]",
                    "Program log: Instruction: InitializeImmutableOwner",
                    "Program log: Please upgrade to SPL Token 2022 for immutable owner support",
                    "Program TokenkegQfeZyiNwAJbNbGKPFXCWuBvf9Ss623VQ5DA consumed 1405 of 87566 compute units",
                    "Program TokenkegQfeZyiNwAJbNbGKPFXCWuBvf9Ss623VQ5DA success",
                    "Program TokenkegQfeZyiNwAJbNbGKPFXCWuBvf9Ss623VQ5DA invoke [2]",
                    "Program log: Instruction: InitializeAccount3",
                    "Program TokenkegQfeZyiNwAJbNbGKPFXCWuBvf9Ss623VQ5DA consumed 3158 of 83684 compute units",
                    "Program TokenkegQfeZyiNwAJbNbGKPFXCWuBvf9Ss623VQ5DA success",
                    "Program ATokenGPvbdGVxr1b2hvZbsiqW5xWH25efTNsLJA8knL consumed 22307 of 102550 compute units",
                    "Program ATokenGPvbdGVxr1b2hvZbsiqW5xWH25efTNsLJA8knL success",
                    "Program b1oomGGqPKGD6errbyfbVMBuzSC8WtAAYo8MwNafWW1 invoke [1]",
                    "Program log: Powered by https://telegram.bloombot.app",
                    "Program 675kPX9MHTjS2zt1qfr1NYHuzeLXfQM9H24wFSUt1Mp8 invoke [2]",
                    "Program log: ray_log: A5Fkan5cAAAAvaYZawAAAAABAAAAAAAAAH2kx7AQEgAAI/cuUmAAAABfoe1YDTAAAOKGkLcAAAAA",
                    "Program TokenkegQfeZyiNwAJbNbGKPFXCWuBvf9Ss623VQ5DA invoke [3]",
                    "Program log: Instruction: Transfer",
                    "Program TokenkegQfeZyiNwAJbNbGKPFXCWuBvf9Ss623VQ5DA consumed 4645 of 52074 compute units",
                    "Program TokenkegQfeZyiNwAJbNbGKPFXCWuBvf9Ss623VQ5DA success",
                    "Program TokenkegQfeZyiNwAJbNbGKPFXCWuBvf9Ss623VQ5DA invoke [3]",
                    "Program log: Instruction: Transfer",
                    "Program TokenkegQfeZyiNwAJbNbGKPFXCWuBvf9Ss623VQ5DA consumed 4736 of 44448 compute units",
                    "Program TokenkegQfeZyiNwAJbNbGKPFXCWuBvf9Ss623VQ5DA success",
                    "Program 675kPX9MHTjS2zt1qfr1NYHuzeLXfQM9H24wFSUt1Mp8 consumed 30521 of 69379 compute units",
                    "Program 675kPX9MHTjS2zt1qfr1NYHuzeLXfQM9H24wFSUt1Mp8 success",
                    "Program TokenkegQfeZyiNwAJbNbGKPFXCWuBvf9Ss623VQ5DA invoke [2]",
                    "Program log: Instruction: CloseAccount",
                    "Program TokenkegQfeZyiNwAJbNbGKPFXCWuBvf9Ss623VQ5DA consumed 2997 of 36907 compute units",
                    "Program TokenkegQfeZyiNwAJbNbGKPFXCWuBvf9Ss623VQ5DA success",
                    "Program 11111111111111111111111111111111 invoke [2]",
                    "Program 11111111111111111111111111111111 success",
                    "Program b1oomGGqPKGD6errbyfbVMBuzSC8WtAAYo8MwNafWW1 consumed 48179 of 80243 compute units",
                    "Program b1oomGGqPKGD6errbyfbVMBuzSC8WtAAYo8MwNafWW1 success",
                ],
            },
        ),
    },
    subscription: 638626,
}]
2025-01-31 18:19:11,911 [INFO] Парсинг транзакции
2025-01-31 18:19:12,808 [INFO] Получено сообщение: [LogsNotification {
    result: LogsNotificationResult {
        context: RpcResponseContext {
            slot: 317584125,
            api_version: None,
        },
        value: RpcLogsResponse(
            RpcLogsResponse {
                signature: "2c9akSta39mWch9bdj7N349dWgFFKDpQjcxxLJw7aaJtUQZnTDp9j9dpnMEdDBtMD1pxLXuJeTaj53C2eJqws6sK",
                err: None,
                logs: [
                    "Program ComputeBudget111111111111111111111111111111 invoke [1]",
                    "Program ComputeBudget111111111111111111111111111111 success",
                    "Program ComputeBudget111111111111111111111111111111 invoke [1]",
                    "Program ComputeBudget111111111111111111111111111111 success",
                    "Program 11111111111111111111111111111111 invoke [1]",
                    "Program 11111111111111111111111111111111 success",
                    "Program ATokenGPvbdGVxr1b2hvZbsiqW5xWH25efTNsLJA8knL invoke [1]",
                    "Program log: Create",
                    "Program TokenkegQfeZyiNwAJbNbGKPFXCWuBvf9Ss623VQ5DA invoke [2]",
                    "Program log: Instruction: GetAccountDataSize",
                    "Program TokenkegQfeZyiNwAJbNbGKPFXCWuBvf9Ss623VQ5DA consumed 1569 of 94153 compute units",
                    "Program return: TokenkegQfeZyiNwAJbNbGKPFXCWuBvf9Ss623VQ5DA pQAAAAAAAAA=",
                    "Program TokenkegQfeZyiNwAJbNbGKPFXCWuBvf9Ss623VQ5DA success",
                    "Program 11111111111111111111111111111111 invoke [2]",
                    "Program 11111111111111111111111111111111 success",
                    "Program log: Initialize the associated token account",
                    "Program TokenkegQfeZyiNwAJbNbGKPFXCWuBvf9Ss623VQ5DA invoke [2]",
                    "Program log: Instruction: InitializeImmutableOwner",
                    "Program log: Please upgrade to SPL Token 2022 for immutable owner support",
                    "Program TokenkegQfeZyiNwAJbNbGKPFXCWuBvf9Ss623VQ5DA consumed 1405 of 87566 compute units",
                    "Program TokenkegQfeZyiNwAJbNbGKPFXCWuBvf9Ss623VQ5DA success",
                    "Program TokenkegQfeZyiNwAJbNbGKPFXCWuBvf9Ss623VQ5DA invoke [2]",
                    "Program log: Instruction: InitializeAccount3",
                    "Program TokenkegQfeZyiNwAJbNbGKPFXCWuBvf9Ss623VQ5DA consumed 3158 of 83684 compute units",
                    "Program TokenkegQfeZyiNwAJbNbGKPFXCWuBvf9Ss623VQ5DA success",
                    "Program ATokenGPvbdGVxr1b2hvZbsiqW5xWH25efTNsLJA8knL consumed 22307 of 102550 compute units",
                    "Program ATokenGPvbdGVxr1b2hvZbsiqW5xWH25efTNsLJA8knL success",
                    "Program b1oomGGqPKGD6errbyfbVMBuzSC8WtAAYo8MwNafWW1 invoke [1]",
                    "Program log: Powered by https://telegram.bloombot.app",
                    "Program 675kPX9MHTjS2zt1qfr1NYHuzeLXfQM9H24wFSUt1Mp8 invoke [2]",
                    "Program log: ray_log: A63n2KRaAAAAsqfnagAAAAABAAAAAAAAAOw/XTK0EQAAzy5lKWAAAAAFqp0zIjAAAMcWUrMAAAAA",
                    "Program TokenkegQfeZyiNwAJbNbGKPFXCWuBvf9Ss623VQ5DA invoke [3]",
                    "Program log: Instruction: Transfer",
                    "Program TokenkegQfeZyiNwAJbNbGKPFXCWuBvf9Ss623VQ5DA consumed 4645 of 52084 compute units",
                    "Program TokenkegQfeZyiNwAJbNbGKPFXCWuBvf9Ss623VQ5DA success",
                    "Program TokenkegQfeZyiNwAJbNbGKPFXCWuBvf9Ss623VQ5DA invoke [3]",
                    "Program log: Instruction: Transfer",
                    "Program TokenkegQfeZyiNwAJbNbGKPFXCWuBvf9Ss623VQ5DA consumed 4736 of 44458 compute units",
                    "Program TokenkegQfeZyiNwAJbNbGKPFXCWuBvf9Ss623VQ5DA success",
                    "Program 675kPX9MHTjS2zt1qfr1NYHuzeLXfQM9H24wFSUt1Mp8 consumed 30511 of 69379 compute units",
                    "Program 675kPX9MHTjS2zt1qfr1NYHuzeLXfQM9H24wFSUt1Mp8 success",
                    "Program TokenkegQfeZyiNwAJbNbGKPFXCWuBvf9Ss623VQ5DA invoke [2]",
                    "Program log: Instruction: CloseAccount",
                    "Program TokenkegQfeZyiNwAJbNbGKPFXCWuBvf9Ss623VQ5DA consumed 2997 of 36917 compute units",
                    "Program TokenkegQfeZyiNwAJbNbGKPFXCWuBvf9Ss623VQ5DA success",
                    "Program 11111111111111111111111111111111 invoke [2]",
                    "Program 11111111111111111111111111111111 success",
                    "Program b1oomGGqPKGD6errbyfbVMBuzSC8WtAAYo8MwNafWW1 consumed 48169 of 80243 compute units",
                    "Program b1oomGGqPKGD6errbyfbVMBuzSC8WtAAYo8MwNafWW1 success",
                ],
            },
        ),
    },
    subscription: 638626,
}]
2025-01-31 18:19:12,809 [INFO] Парсинг транзакции
2025-01-31 18:19:13,681 [INFO] Получено сообщение: [LogsNotification {
    result: LogsNotificationResult {
        context: RpcResponseContext {
            slot: 317584126,
            api_version: None,
        },
        value: RpcLogsResponse(
            RpcLogsResponse {
                signature: "Epo25uF31YDha1gRA4wbDNYcFr6b1aQmFWtTVWLn2dojKS9Fi26URk4oD8oSJiEHxerGhPWQKnxM2WYXwLRCzeF",
                err: None,
                logs: [
                    "Program ComputeBudget111111111111111111111111111111 invoke [1]",
                    "Program ComputeBudget111111111111111111111111111111 success",
                    "Program ComputeBudget111111111111111111111111111111 invoke [1]",
                    "Program ComputeBudget111111111111111111111111111111 success",
                    "Program 6EF8rrecthR5Dkzon8Nwu78hRvfCKubJ14M5uBEwF6P invoke [1]",
                    "Program log: Instruction: Sell",
                    "Program TokenkegQfeZyiNwAJbNbGKPFXCWuBvf9Ss623VQ5DA invoke [2]",
                    "Program log: Instruction: Transfer",
                    "Program TokenkegQfeZyiNwAJbNbGKPFXCWuBvf9Ss623VQ5DA consumed 4645 of 178262 compute units",
                    "Program TokenkegQfeZyiNwAJbNbGKPFXCWuBvf9Ss623VQ5DA success",
                    "Program 6EF8rrecthR5Dkzon8Nwu78hRvfCKubJ14M5uBEwF6P invoke [2]",
                    "Program 6EF8rrecthR5Dkzon8Nwu78hRvfCKubJ14M5uBEwF6P consumed 2132 of 169951 compute units",
                    "Program 6EF8rrecthR5Dkzon8Nwu78hRvfCKubJ14M5uBEwF6P success",
                    "Program data: vdt/007mYe4haaq/taP75MH0mXXV7NnPyjrBv2UMihbGXJXHM6rxzdTqKzUAAAAAWM3Q+pgSAAAA9ANkN+JQdC+3UcGTdanEi3wK9BlyMrDUoz9O8eoUZXLh6ZxnAAAAALL6NJ8IAAAA4yp4P5oWAwCyThGjAQAAAOOSZfMIGAIA",
                    "Program 6EF8rrecthR5Dkzon8Nwu78hRvfCKubJ14M5uBEwF6P consumed 34086 of 199700 compute units",
                    "Program 6EF8rrecthR5Dkzon8Nwu78hRvfCKubJ14M5uBEwF6P success",
                ],
            },
        ),
    },
    subscription: 638544,
}]
2025-01-31 18:19:13,681 [INFO] Получено сообщение: [LogsNotification {
    result: LogsNotificationResult {
        context: RpcResponseContext {
            slot: 317584126,
            api_version: None,
        },
        value: RpcLogsResponse(
            RpcLogsResponse {
                signature: "5i5S4wK7S7xMVNBZatt9ZCrbkBDoPRynpX6LWMVzQmmG8tErYqAj2HVsN72WkheyVoAZsj6NywwZoz74FDFEP4ey",
                err: None,
                logs: [
                    "Program 11111111111111111111111111111111 invoke [1]",
                    "Program 11111111111111111111111111111111 success",
                ],
            },
        ),
    },
    subscription: 638544,
}]
2025-01-31 18:19:13,682 [INFO] Парсинг транзакции
2025-01-31 18:19:14,358 [INFO] Получено сообщение: [LogsNotification {
    result: LogsNotificationResult {
        context: RpcResponseContext {
            slot: 317584127,
            api_version: None,
        },
        value: RpcLogsResponse(
            RpcLogsResponse {
                signature: "5EsYk8N6jK9EFBoifxbv2EMcJJg9UHBRY9Wg1JjyvdKHnT1TKLgFEWQsWAXdWRgqXD5zoDrac6RHg6BRv6v8odx8",
                err: None,
                logs: [
                    "Program ComputeBudget111111111111111111111111111111 invoke [1]",
                    "Program ComputeBudget111111111111111111111111111111 success",
                    "Program ComputeBudget111111111111111111111111111111 invoke [1]",
                    "Program ComputeBudget111111111111111111111111111111 success",
                    "Program 11111111111111111111111111111111 invoke [1]",
                    "Program 11111111111111111111111111111111 success",
                    "Program ATokenGPvbdGVxr1b2hvZbsiqW5xWH25efTNsLJA8knL invoke [1]",
                    "Program log: Create",
                    "Program TokenkegQfeZyiNwAJbNbGKPFXCWuBvf9Ss623VQ5DA invoke [2]",
                    "Program log: Instruction: GetAccountDataSize",
                    "Program TokenkegQfeZyiNwAJbNbGKPFXCWuBvf9Ss623VQ5DA consumed 1569 of 94153 compute units",
                    "Program return: TokenkegQfeZyiNwAJbNbGKPFXCWuBvf9Ss623VQ5DA pQAAAAAAAAA=",
                    "Program TokenkegQfeZyiNwAJbNbGKPFXCWuBvf9Ss623VQ5DA success",
                    "Program 11111111111111111111111111111111 invoke [2]",
                    "Program 11111111111111111111111111111111 success",
                    "Program log: Initialize the associated token account",
                    "Program TokenkegQfeZyiNwAJbNbGKPFXCWuBvf9Ss623VQ5DA invoke [2]",
                    "Program log: Instruction: InitializeImmutableOwner",
                    "Program log: Please upgrade to SPL Token 2022 for immutable owner support",
                    "Program TokenkegQfeZyiNwAJbNbGKPFXCWuBvf9Ss623VQ5DA consumed 1405 of 87566 compute units",
                    "Program TokenkegQfeZyiNwAJbNbGKPFXCWuBvf9Ss623VQ5DA success",
                    "Program TokenkegQfeZyiNwAJbNbGKPFXCWuBvf9Ss623VQ5DA invoke [2]",
                    "Program log: Instruction: InitializeAccount3",
                    "Program TokenkegQfeZyiNwAJbNbGKPFXCWuBvf9Ss623VQ5DA consumed 3158 of 83684 compute units",
                    "Program TokenkegQfeZyiNwAJbNbGKPFXCWuBvf9Ss623VQ5DA success",
                    "Program ATokenGPvbdGVxr1b2hvZbsiqW5xWH25efTNsLJA8knL consumed 22307 of 102550 compute units",
                    "Program ATokenGPvbdGVxr1b2hvZbsiqW5xWH25efTNsLJA8knL success",
                    "Program b1oomGGqPKGD6errbyfbVMBuzSC8WtAAYo8MwNafWW1 invoke [1]",
                    "Program log: Powered by https://telegram.bloombot.app",
                    "Program 675kPX9MHTjS2zt1qfr1NYHuzeLXfQM9H24wFSUt1Mp8 invoke [2]",
                    "Program log: ray_log: Az4WwNRYAAAAKPMvaAAAAAABAAAAAAAAAD9YhI1ZEQAAZQVTN18AAACzz2AInTAAAAJ2U6wAAAAA",
                    "Program TokenkegQfeZyiNwAJbNbGKPFXCWuBvf9Ss623VQ5DA invoke [3]",
                    "Program log: Instruction: Transfer",
                    "Program TokenkegQfeZyiNwAJbNbGKPFXCWuBvf9Ss623VQ5DA consumed 4645 of 52072 compute units",
                    "Program TokenkegQfeZyiNwAJbNbGKPFXCWuBvf9Ss623VQ5DA success",
                    "Program TokenkegQfeZyiNwAJbNbGKPFXCWuBvf9Ss623VQ5DA invoke [3]",
                    "Program log: Instruction: Transfer",
                    "Program TokenkegQfeZyiNwAJbNbGKPFXCWuBvf9Ss623VQ5DA consumed 4736 of 44446 compute units",
                    "Program TokenkegQfeZyiNwAJbNbGKPFXCWuBvf9Ss623VQ5DA success",
                    "Program 675kPX9MHTjS2zt1qfr1NYHuzeLXfQM9H24wFSUt1Mp8 consumed 30523 of 69379 compute units",
                    "Program 675kPX9MHTjS2zt1qfr1NYHuzeLXfQM9H24wFSUt1Mp8 success",
                    "Program TokenkegQfeZyiNwAJbNbGKPFXCWuBvf9Ss623VQ5DA invoke [2]",
                    "Program log: Instruction: CloseAccount",
                    "Program TokenkegQfeZyiNwAJbNbGKPFXCWuBvf9Ss623VQ5DA consumed 2997 of 36905 compute units",
                    "Program TokenkegQfeZyiNwAJbNbGKPFXCWuBvf9Ss623VQ5DA success",
                    "Program 11111111111111111111111111111111 invoke [2]",
                    "Program 11111111111111111111111111111111 success",
                    "Program b1oomGGqPKGD6errbyfbVMBuzSC8WtAAYo8MwNafWW1 consumed 48181 of 80243 compute units",
                    "Program b1oomGGqPKGD6errbyfbVMBuzSC8WtAAYo8MwNafWW1 success",
                ],
            },
        ),
    },
    subscription: 638626,
}]
2025-01-31 18:19:14,358 [INFO] Парсинг транзакции
2025-01-31 18:19:15,178 [INFO] Получено сообщение: [LogsNotification {
    result: LogsNotificationResult {
        context: RpcResponseContext {
            slot: 317584128,
            api_version: None,
        },
        value: RpcLogsResponse(
            RpcLogsResponse {
                signature: "2wtbW9fejaaHaUP7sqza2a8LfXJHrfFgvRHaDAe52DcD8DGCAdYY4983AbCsZoQj5p69S1TeFt3KZq4grbUz1qfw",
                err: None,
                logs: [
                    "Program ComputeBudget111111111111111111111111111111 invoke [1]",
                    "Program ComputeBudget111111111111111111111111111111 success",
                    "Program ComputeBudget111111111111111111111111111111 invoke [1]",
                    "Program ComputeBudget111111111111111111111111111111 success",
                    "Program 11111111111111111111111111111111 invoke [1]",
                    "Program 11111111111111111111111111111111 success",
                    "Program ATokenGPvbdGVxr1b2hvZbsiqW5xWH25efTNsLJA8knL invoke [1]",
                    "Program log: Create",
                    "Program TokenkegQfeZyiNwAJbNbGKPFXCWuBvf9Ss623VQ5DA invoke [2]",
                    "Program log: Instruction: GetAccountDataSize",
                    "Program TokenkegQfeZyiNwAJbNbGKPFXCWuBvf9Ss623VQ5DA consumed 1569 of 94153 compute units",
                    "Program return: TokenkegQfeZyiNwAJbNbGKPFXCWuBvf9Ss623VQ5DA pQAAAAAAAAA=",
                    "Program TokenkegQfeZyiNwAJbNbGKPFXCWuBvf9Ss623VQ5DA success",
                    "Program 11111111111111111111111111111111 invoke [2]",
                    "Program 11111111111111111111111111111111 success",
                    "Program log: Initialize the associated token account",
                    "Program TokenkegQfeZyiNwAJbNbGKPFXCWuBvf9Ss623VQ5DA invoke [2]",
                    "Program log: Instruction: InitializeImmutableOwner",
                    "Program log: Please upgrade to SPL Token 2022 for immutable owner support",
                    "Program TokenkegQfeZyiNwAJbNbGKPFXCWuBvf9Ss623VQ5DA consumed 1405 of 87566 compute units",
                    "Program TokenkegQfeZyiNwAJbNbGKPFXCWuBvf9Ss623VQ5DA success",
                    "Program TokenkegQfeZyiNwAJbNbGKPFXCWuBvf9Ss623VQ5DA invoke [2]",
                    "Program log: Instruction: InitializeAccount3",
                    "Program TokenkegQfeZyiNwAJbNbGKPFXCWuBvf9Ss623VQ5DA consumed 3158 of 83684 compute units",
                    "Program TokenkegQfeZyiNwAJbNbGKPFXCWuBvf9Ss623VQ5DA success",
                    "Program ATokenGPvbdGVxr1b2hvZbsiqW5xWH25efTNsLJA8knL consumed 22307 of 102550 compute units",
                    "Program ATokenGPvbdGVxr1b2hvZbsiqW5xWH25efTNsLJA8knL success",
                    "Program b1oomGGqPKGD6errbyfbVMBuzSC8WtAAYo8MwNafWW1 invoke [1]",
                    "Program log: Powered by https://telegram.bloombot.app",
                    "Program 675kPX9MHTjS2zt1qfr1NYHuzeLXfQM9H24wFSUt1Mp8 invoke [2]",
                    "Program log: ray_log: A/Vx7w1XAAAAs2ZMYwAAAAABAAAAAAAAAAFCxLgAEQAA81l9bF4AAACAU/svBjEAALymGqYAAAAA",
                    "Program TokenkegQfeZyiNwAJbNbGKPFXCWuBvf9Ss623VQ5DA invoke [3]",
                    "Program log: Instruction: Transfer",
                    "Program TokenkegQfeZyiNwAJbNbGKPFXCWuBvf9Ss623VQ5DA consumed 4645 of 52074 compute units",
                    "Program TokenkegQfeZyiNwAJbNbGKPFXCWuBvf9Ss623VQ5DA success",
                    "Program TokenkegQfeZyiNwAJbNbGKPFXCWuBvf9Ss623VQ5DA invoke [3]",
                    "Program log: Instruction: Transfer",
                    "Program TokenkegQfeZyiNwAJbNbGKPFXCWuBvf9Ss623VQ5DA consumed 4736 of 44448 compute units",
                    "Program TokenkegQfeZyiNwAJbNbGKPFXCWuBvf9Ss623VQ5DA success",
                    "Program 675kPX9MHTjS2zt1qfr1NYHuzeLXfQM9H24wFSUt1Mp8 consumed 30521 of 69379 compute units",
                    "Program 675kPX9MHTjS2zt1qfr1NYHuzeLXfQM9H24wFSUt1Mp8 success",
                    "Program TokenkegQfeZyiNwAJbNbGKPFXCWuBvf9Ss623VQ5DA invoke [2]",
                    "Program log: Instruction: CloseAccount",
                    "Program TokenkegQfeZyiNwAJbNbGKPFXCWuBvf9Ss623VQ5DA consumed 2997 of 36907 compute units",
                    "Program TokenkegQfeZyiNwAJbNbGKPFXCWuBvf9Ss623VQ5DA success",
                    "Program 11111111111111111111111111111111 invoke [2]",
                    "Program 11111111111111111111111111111111 success",
                    "Program b1oomGGqPKGD6errbyfbVMBuzSC8WtAAYo8MwNafWW1 consumed 48179 of 80243 compute units",
                    "Program b1oomGGqPKGD6errbyfbVMBuzSC8WtAAYo8MwNafWW1 success",
                ],
            },
        ),
    },
    subscription: 638626,
}]
2025-01-31 18:19:15,179 [INFO] Парсинг транзакции
2025-01-31 18:19:15,668 [INFO] Получено сообщение: [LogsNotification {
    result: LogsNotificationResult {
        context: RpcResponseContext {
            slot: 317584130,
            api_version: None,
        },
        value: RpcLogsResponse(
            RpcLogsResponse {
                signature: "3SxSPRNnzEBPEfX7v7RPmaHww1GFXpf6dKzd5kyZZCvxxDBPyZyRbCKLoYCiTwjCxMNTBFLNVrF48Le5w6Zass4k",
                err: None,
                logs: [
                    "Program ComputeBudget111111111111111111111111111111 invoke [1]",
                    "Program ComputeBudget111111111111111111111111111111 success",
                    "Program ComputeBudget111111111111111111111111111111 invoke [1]",
                    "Program ComputeBudget111111111111111111111111111111 success",
                    "Program 6EF8rrecthR5Dkzon8Nwu78hRvfCKubJ14M5uBEwF6P invoke [1]",
                    "Program log: Instruction: Sell",
                    "Program TokenkegQfeZyiNwAJbNbGKPFXCWuBvf9Ss623VQ5DA invoke [2]",
                    "Program log: Instruction: Transfer",
                    "Program TokenkegQfeZyiNwAJbNbGKPFXCWuBvf9Ss623VQ5DA consumed 4645 of 50506 compute units",
                    "Program TokenkegQfeZyiNwAJbNbGKPFXCWuBvf9Ss623VQ5DA success",
                    "Program 6EF8rrecthR5Dkzon8Nwu78hRvfCKubJ14M5uBEwF6P invoke [2]",
                    "Program 6EF8rrecthR5Dkzon8Nwu78hRvfCKubJ14M5uBEwF6P consumed 2132 of 42195 compute units",
                    "Program 6EF8rrecthR5Dkzon8Nwu78hRvfCKubJ14M5uBEwF6P success",
                    "Program data: vdt/007mYe65VX1rNxJNRPhR5AR1UZd6jCOn2KM37hYjCjoLtSIfX1XNqRwAAAAAQOlGjhsEAAAAUaZgKY/U6wJ4Ur9PFvUQvqoMls59I4yXWLR0+RivESzj6ZxnAAAAADZpO5MNAAAAKaNXqCH2AQA2vReXBgAAACkLRVyQ9wAA",
                    "Program 6EF8rrecthR5Dkzon8Nwu78hRvfCKubJ14M5uBEwF6P consumed 34088 of 71946 compute units",
                    "Program 6EF8rrecthR5Dkzon8Nwu78hRvfCKubJ14M5uBEwF6P success",
                    "Program GengarGzVQiNwzmXFC6sz3oT4HY91MnV26nDX6z2U97V invoke [1]",
                    "Program log: Instruction: CreateAndConsumeKebab",
                    "Program 11111111111111111111111111111111 invoke [2]",
                    "Program 11111111111111111111111111111111 success",
                    "Program 11111111111111111111111111111111 invoke [2]",
                    "Program 11111111111111111111111111111111 success",
                    "Program GengarGzVQiNwzmXFC6sz3oT4HY91MnV26nDX6z2U97V consumed 10696 of 37858 compute units",
                    "Program GengarGzVQiNwzmXFC6sz3oT4HY91MnV26nDX6z2U97V success",
                    "Program 11111111111111111111111111111111 invoke [1]",
                    "Program 11111111111111111111111111111111 success",
                ],
            },
        ),
    },
    subscription: 638527,
}]
2025-01-31 18:19:15,668 [INFO] Парсинг транзакции
2025-01-31 18:19:16,984 [INFO] Получено сообщение: [LogsNotification {
    result: LogsNotificationResult {
        context: RpcResponseContext {
            slot: 317584132,
            api_version: None,
        },
        value: RpcLogsResponse(
            RpcLogsResponse {
                signature: "2MFZNePnVhgB2Mp5LqpbXFakQX3ZMKLnqPBkGQRCbAmisQGnMioGr8cK2bKpvdWaZRvPT5qZB2ujRd6V8UQxbAVE",
                err: Some(
                    InstructionError(
                        3,
                        Custom(
                            6000,
                        ),
                    ),
                ),
                logs: [
                    "Program ComputeBudget111111111111111111111111111111 invoke [1]",
                    "Program ComputeBudget111111111111111111111111111111 success",
                    "Program ComputeBudget111111111111111111111111111111 invoke [1]",
                    "Program ComputeBudget111111111111111111111111111111 success",
                    "Program 6EF8rrecthR5Dkzon8Nwu78hRvfCKubJ14M5uBEwF6P invoke [1]",
                    "Program log: Instruction: Sell",
                    "Program TokenkegQfeZyiNwAJbNbGKPFXCWuBvf9Ss623VQ5DA invoke [2]",
                    "Program log: Instruction: Transfer",
                    "Program TokenkegQfeZyiNwAJbNbGKPFXCWuBvf9Ss623VQ5DA consumed 4645 of 50508 compute units",
                    "Program TokenkegQfeZyiNwAJbNbGKPFXCWuBvf9Ss623VQ5DA success",
                    "Program 6EF8rrecthR5Dkzon8Nwu78hRvfCKubJ14M5uBEwF6P invoke [2]",
                    "Program 6EF8rrecthR5Dkzon8Nwu78hRvfCKubJ14M5uBEwF6P consumed 2132 of 42197 compute units",
                    "Program 6EF8rrecthR5Dkzon8Nwu78hRvfCKubJ14M5uBEwF6P success",
                    "Program data: vdt/007mYe65VX1rNxJNRPhR5AR1UZd6jCOn2KM37hYjCjoLtSIfX857vBsAAAAAQOlGjhsEAAAAUaZgKY/U6wJ4Ur9PFvUQvqoMls59I4yXWLR0+RivESzk6ZxnAAAAAOAhzVoNAAAA46oMb2v+AQDgdaleBgAAAOMS+iLa/wAA",
                    "Program 6EF8rrecthR5Dkzon8Nwu78hRvfCKubJ14M5uBEwF6P consumed 34086 of 71946 compute units",
                    "Program 6EF8rrecthR5Dkzon8Nwu78hRvfCKubJ14M5uBEwF6P success",
                    "Program GengarGzVQiNwzmXFC6sz3oT4HY91MnV26nDX6z2U97V invoke [1]",
                    "Program log: Instruction: CreateAndConsumeKebab",
                    "Program log: AnchorError thrown in programs/donor_kebab/src/lib.rs:39. Error Code: AlreadyConsumed. Error Number: 6000. Error Message: Kebab has already been consumed..",
                    "Program GengarGzVQiNwzmXFC6sz3oT4HY91MnV26nDX6z2U97V consumed 7214 of 37860 compute units",
                    "Program GengarGzVQiNwzmXFC6sz3oT4HY91MnV26nDX6z2U97V failed: custom program error: 0x1770",
                ],
            },
        ),
    },
    subscription: 638527,
}]
2025-01-31 18:19:16,985 [INFO] Парсинг транзакции
2025-01-31 18:19:18,222 [INFO] Получено сообщение: [LogsNotification {
    result: LogsNotificationResult {
        context: RpcResponseContext {
            slot: 317584137,
            api_version: None,
        },
        value: RpcLogsResponse(
            RpcLogsResponse {
                signature: "2sG49XWGh2qtEebWhVmzr3DAo7riGjLvFh1ip3Yx13Szk6Ds8HpBFEEAQttBpEoJ2EC3yZYwUY8j9EsURs7fLHd1",
                err: None,
                logs: [
                    "Program ComputeBudget111111111111111111111111111111 invoke [1]",
                    "Program ComputeBudget111111111111111111111111111111 success",
                    "Program ComputeBudget111111111111111111111111111111 invoke [1]",
                    "Program ComputeBudget111111111111111111111111111111 success",
                    "Program 11111111111111111111111111111111 invoke [1]",
                    "Program 11111111111111111111111111111111 success",
                    "Program ATokenGPvbdGVxr1b2hvZbsiqW5xWH25efTNsLJA8knL invoke [1]",
                    "Program log: Create",
                    "Program TokenkegQfeZyiNwAJbNbGKPFXCWuBvf9Ss623VQ5DA invoke [2]",
                    "Program log: Instruction: GetAccountDataSize",
                    "Program TokenkegQfeZyiNwAJbNbGKPFXCWuBvf9Ss623VQ5DA consumed 1569 of 94153 compute units",
                    "Program return: TokenkegQfeZyiNwAJbNbGKPFXCWuBvf9Ss623VQ5DA pQAAAAAAAAA=",
                    "Program TokenkegQfeZyiNwAJbNbGKPFXCWuBvf9Ss623VQ5DA success",
                    "Program 11111111111111111111111111111111 invoke [2]",
                    "Program 11111111111111111111111111111111 success",
                    "Program log: Initialize the associated token account",
                    "Program TokenkegQfeZyiNwAJbNbGKPFXCWuBvf9Ss623VQ5DA invoke [2]",
                    "Program log: Instruction: InitializeImmutableOwner",
                    "Program log: Please upgrade to SPL Token 2022 for immutable owner support",
                    "Program TokenkegQfeZyiNwAJbNbGKPFXCWuBvf9Ss623VQ5DA consumed 1405 of 87566 compute units",
                    "Program TokenkegQfeZyiNwAJbNbGKPFXCWuBvf9Ss623VQ5DA success",
                    "Program TokenkegQfeZyiNwAJbNbGKPFXCWuBvf9Ss623VQ5DA invoke [2]",
                    "Program log: Instruction: InitializeAccount3",
                    "Program TokenkegQfeZyiNwAJbNbGKPFXCWuBvf9Ss623VQ5DA consumed 3158 of 83684 compute units",
                    "Program TokenkegQfeZyiNwAJbNbGKPFXCWuBvf9Ss623VQ5DA success",
                    "Program ATokenGPvbdGVxr1b2hvZbsiqW5xWH25efTNsLJA8knL consumed 22307 of 102550 compute units",
                    "Program ATokenGPvbdGVxr1b2hvZbsiqW5xWH25efTNsLJA8knL success",
                    "Program b1oomGGqPKGD6errbyfbVMBuzSC8WtAAYo8MwNafWW1 invoke [1]",
                    "Program log: Powered by https://telegram.bloombot.app",
                    "Program 675kPX9MHTjS2zt1qfr1NYHuzeLXfQM9H24wFSUt1Mp8 invoke [2]",
                    "Program log: ray_log: A810N1BVAAAA/ANZYAAAAAABAAAAAAAAAAzQ1KqpEAAAZ0BfkV4AAAC1Srqn9DAAAJGER6MAAAAA",
                    "Program TokenkegQfeZyiNwAJbNbGKPFXCWuBvf9Ss623VQ5DA invoke [3]",
                    "Program log: Instruction: Transfer",
                    "Program TokenkegQfeZyiNwAJbNbGKPFXCWuBvf9Ss623VQ5DA consumed 4645 of 52147 compute units",
                    "Program TokenkegQfeZyiNwAJbNbGKPFXCWuBvf9Ss623VQ5DA success",
                    "Program TokenkegQfeZyiNwAJbNbGKPFXCWuBvf9Ss623VQ5DA invoke [3]",
                    "Program log: Instruction: Transfer",
                    "Program TokenkegQfeZyiNwAJbNbGKPFXCWuBvf9Ss623VQ5DA consumed 4736 of 44521 compute units",
                    "Program TokenkegQfeZyiNwAJbNbGKPFXCWuBvf9Ss623VQ5DA success",
                    "Program 675kPX9MHTjS2zt1qfr1NYHuzeLXfQM9H24wFSUt1Mp8 consumed 30448 of 69379 compute units",
                    "Program 675kPX9MHTjS2zt1qfr1NYHuzeLXfQM9H24wFSUt1Mp8 success",
                    "Program TokenkegQfeZyiNwAJbNbGKPFXCWuBvf9Ss623VQ5DA invoke [2]",
                    "Program log: Instruction: CloseAccount",
                    "Program TokenkegQfeZyiNwAJbNbGKPFXCWuBvf9Ss623VQ5DA consumed 2997 of 36980 compute units",
                    "Program TokenkegQfeZyiNwAJbNbGKPFXCWuBvf9Ss623VQ5DA success",
                    "Program 11111111111111111111111111111111 invoke [2]",
                    "Program 11111111111111111111111111111111 success",
                    "Program b1oomGGqPKGD6errbyfbVMBuzSC8WtAAYo8MwNafWW1 consumed 48106 of 80243 compute units",
                    "Program b1oomGGqPKGD6errbyfbVMBuzSC8WtAAYo8MwNafWW1 success",
                ],
            },
        ),
    },
    subscription: 638626,
}]
2025-01-31 18:19:19,382 [INFO] Парсинг транзакции
2025-01-31 18:19:20,082 [INFO] Получено сообщение: [LogsNotification {
    result: LogsNotificationResult {
        context: RpcResponseContext {
            slot: 317584144,
            api_version: None,
        },
        value: RpcLogsResponse(
            RpcLogsResponse {
                signature: "EPSLZwydhtF8cWLX2PZqenqvAo15131corrDHjCubwieQLQAGy4dTmF5AQfcGJc1eCyPncWEoZDV67VFfV77FWv",
                err: None,
                logs: [
                    "Program ComputeBudget111111111111111111111111111111 invoke [1]",
                    "Program ComputeBudget111111111111111111111111111111 success",
                    "Program ComputeBudget111111111111111111111111111111 invoke [1]",
                    "Program ComputeBudget111111111111111111111111111111 success",
                    "Program 11111111111111111111111111111111 invoke [1]",
                    "Program 11111111111111111111111111111111 success",
                    "Program ATokenGPvbdGVxr1b2hvZbsiqW5xWH25efTNsLJA8knL invoke [1]",
                    "Program log: Create",
                    "Program TokenkegQfeZyiNwAJbNbGKPFXCWuBvf9Ss623VQ5DA invoke [2]",
                    "Program log: Instruction: GetAccountDataSize",
                    "Program TokenkegQfeZyiNwAJbNbGKPFXCWuBvf9Ss623VQ5DA consumed 1569 of 94153 compute units",
                    "Program return: TokenkegQfeZyiNwAJbNbGKPFXCWuBvf9Ss623VQ5DA pQAAAAAAAAA=",
                    "Program TokenkegQfeZyiNwAJbNbGKPFXCWuBvf9Ss623VQ5DA success",
                    "Program 11111111111111111111111111111111 invoke [2]",
                    "Program 11111111111111111111111111111111 success",
                    "Program log: Initialize the associated token account",
                    "Program TokenkegQfeZyiNwAJbNbGKPFXCWuBvf9Ss623VQ5DA invoke [2]",
                    "Program log: Instruction: InitializeImmutableOwner",
                    "Program log: Please upgrade to SPL Token 2022 for immutable owner support",
                    "Program TokenkegQfeZyiNwAJbNbGKPFXCWuBvf9Ss623VQ5DA consumed 1405 of 87566 compute units",
                    "Program TokenkegQfeZyiNwAJbNbGKPFXCWuBvf9Ss623VQ5DA success",
                    "Program TokenkegQfeZyiNwAJbNbGKPFXCWuBvf9Ss623VQ5DA invoke [2]",
                    "Program log: Instruction: InitializeAccount3",
                    "Program TokenkegQfeZyiNwAJbNbGKPFXCWuBvf9Ss623VQ5DA consumed 3158 of 83684 compute units",
                    "Program TokenkegQfeZyiNwAJbNbGKPFXCWuBvf9Ss623VQ5DA success",
                    "Program ATokenGPvbdGVxr1b2hvZbsiqW5xWH25efTNsLJA8knL consumed 22307 of 102550 compute units",
                    "Program ATokenGPvbdGVxr1b2hvZbsiqW5xWH25efTNsLJA8knL success",
                    "Program b1oomGGqPKGD6errbyfbVMBuzSC8WtAAYo8MwNafWW1 invoke [1]",
                    "Program log: Powered by https://telegram.bloombot.app",
                    "Program 675kPX9MHTjS2zt1qfr1NYHuzeLXfQM9H24wFSUt1Mp8 invoke [2]",
                    "Program log: ray_log: AxCMaZtTAAAAnvTZXAAAAAABAAAAAAAAAD9bnVpUEAAAS03nyFwAAACE3neL5zEAAB9RDZoAAAAA",
                    "Program TokenkegQfeZyiNwAJbNbGKPFXCWuBvf9Ss623VQ5DA invoke [3]",
                    "Program log: Instruction: Transfer",
                    "Program TokenkegQfeZyiNwAJbNbGKPFXCWuBvf9Ss623VQ5DA consumed 4645 of 52153 compute units",
                    "Program TokenkegQfeZyiNwAJbNbGKPFXCWuBvf9Ss623VQ5DA success",
                    "Program TokenkegQfeZyiNwAJbNbGKPFXCWuBvf9Ss623VQ5DA invoke [3]",
                    "Program log: Instruction: Transfer",
                    "Program TokenkegQfeZyiNwAJbNbGKPFXCWuBvf9Ss623VQ5DA consumed 4736 of 44527 compute units",
                    "Program TokenkegQfeZyiNwAJbNbGKPFXCWuBvf9Ss623VQ5DA success",
                    "Program 675kPX9MHTjS2zt1qfr1NYHuzeLXfQM9H24wFSUt1Mp8 consumed 30442 of 69379 compute units",
                    "Program 675kPX9MHTjS2zt1qfr1NYHuzeLXfQM9H24wFSUt1Mp8 success",
                    "Program TokenkegQfeZyiNwAJbNbGKPFXCWuBvf9Ss623VQ5DA invoke [2]",
                    "Program log: Instruction: CloseAccount",
                    "Program TokenkegQfeZyiNwAJbNbGKPFXCWuBvf9Ss623VQ5DA consumed 2997 of 36986 compute units",
                    "Program TokenkegQfeZyiNwAJbNbGKPFXCWuBvf9Ss623VQ5DA success",
                    "Program 11111111111111111111111111111111 invoke [2]",
                    "Program 11111111111111111111111111111111 success",
                    "Program b1oomGGqPKGD6errbyfbVMBuzSC8WtAAYo8MwNafWW1 consumed 48100 of 80243 compute units",
                    "Program b1oomGGqPKGD6errbyfbVMBuzSC8WtAAYo8MwNafWW1 success",
                ],
            },
        ),
    },
    subscription: 638626,
}]
2025-01-31 18:19:20,962 [INFO] Получено сообщение: [LogsNotification {
    result: LogsNotificationResult {
        context: RpcResponseContext {
            slot: 317584148,
            api_version: None,
        },
        value: RpcLogsResponse(
            RpcLogsResponse {
                signature: "4Xbk6ptXM62DWbAmjqVBfzMD61ZQz7McQyy32F55CCUpyGAxmprgv1DPiun4Z63Raonk7nXvdcYAhmPbn1hHdcgi",
                err: None,
                logs: [
                    "Program ComputeBudget111111111111111111111111111111 invoke [1]",
                    "Program ComputeBudget111111111111111111111111111111 success",
                    "Program ComputeBudget111111111111111111111111111111 invoke [1]",
                    "Program ComputeBudget111111111111111111111111111111 success",
                    "Program 11111111111111111111111111111111 invoke [1]",
                    "Program 11111111111111111111111111111111 success",
                ],
            },
        ),
    },
    subscription: 638652,
}]
2025-01-31 18:19:21,171 [INFO] Парсинг транзакции
2025-01-31 18:19:21,786 [INFO] Получено сообщение: [LogsNotification {
    result: LogsNotificationResult {
        context: RpcResponseContext {
            slot: 317584148,
            api_version: None,
        },
        value: RpcLogsResponse(
            RpcLogsResponse {
                signature: "4wGPsj3ejcvcWnv6uuQTSMVWLhUQyeyFyqY4SpMiydeFfN2jymngiBYoHnCfjHAG4bSmovn9kv6mKzbPCutbo1ZN",
                err: None,
                logs: [
                    "Program ComputeBudget111111111111111111111111111111 invoke [1]",
                    "Program ComputeBudget111111111111111111111111111111 success",
                    "Program ComputeBudget111111111111111111111111111111 invoke [1]",
                    "Program ComputeBudget111111111111111111111111111111 success",
                    "Program TokenkegQfeZyiNwAJbNbGKPFXCWuBvf9Ss623VQ5DA invoke [1]",
                    "Program log: Instruction: TransferChecked",
                    "Program TokenkegQfeZyiNwAJbNbGKPFXCWuBvf9Ss623VQ5DA consumed 6281 of 7738 compute units",
                    "Program TokenkegQfeZyiNwAJbNbGKPFXCWuBvf9Ss623VQ5DA success",
                ],
            },
        ),
    },
    subscription: 638642,
}]
2025-01-31 18:19:22,142 [INFO] Парсинг транзакции
2025-01-31 18:19:22,638 [INFO] Получено сообщение: [LogsNotification {
    result: LogsNotificationResult {
        context: RpcResponseContext {
            slot: 317584151,
            api_version: None,
        },
        value: RpcLogsResponse(
            RpcLogsResponse {
                signature: "2ZNxDYJmhfoy3dPdR3e35x2NHfMq9bbEZcv5SHCS9nMcmvotMA4HcK4pFYdiJxS6SMxZL8nAdiGE1nffFi5u9wd9",
                err: None,
                logs: [
                    "Program ComputeBudget111111111111111111111111111111 invoke [1]",
                    "Program ComputeBudget111111111111111111111111111111 success",
                    "Program ComputeBudget111111111111111111111111111111 invoke [1]",
                    "Program ComputeBudget111111111111111111111111111111 success",
                    "Program ATokenGPvbdGVxr1b2hvZbsiqW5xWH25efTNsLJA8knL invoke [1]",
                    "Program log: CreateIdempotent",
                    "Program TokenkegQfeZyiNwAJbNbGKPFXCWuBvf9Ss623VQ5DA invoke [2]",
                    "Program log: Instruction: GetAccountDataSize",
                    "Program TokenkegQfeZyiNwAJbNbGKPFXCWuBvf9Ss623VQ5DA consumed 1569 of 94295 compute units",
                    "Program return: TokenkegQfeZyiNwAJbNbGKPFXCWuBvf9Ss623VQ5DA pQAAAAAAAAA=",
                    "Program TokenkegQfeZyiNwAJbNbGKPFXCWuBvf9Ss623VQ5DA success",
                    "Program 11111111111111111111111111111111 invoke [2]",
                    "Program 11111111111111111111111111111111 success",
                    "Program log: Initialize the associated token account",
                    "Program TokenkegQfeZyiNwAJbNbGKPFXCWuBvf9Ss623VQ5DA invoke [2]",
                    "Program log: Instruction: InitializeImmutableOwner",
                    "Program log: Please upgrade to SPL Token 2022 for immutable owner support",
                    "Program TokenkegQfeZyiNwAJbNbGKPFXCWuBvf9Ss623VQ5DA consumed 1405 of 87708 compute units",
                    "Program TokenkegQfeZyiNwAJbNbGKPFXCWuBvf9Ss623VQ5DA success",
                    "Program TokenkegQfeZyiNwAJbNbGKPFXCWuBvf9Ss623VQ5DA invoke [2]",
                    "Program log: Instruction: InitializeAccount3",
                    "Program TokenkegQfeZyiNwAJbNbGKPFXCWuBvf9Ss623VQ5DA consumed 3158 of 83826 compute units",
                    "Program TokenkegQfeZyiNwAJbNbGKPFXCWuBvf9Ss623VQ5DA success",
                    "Program ATokenGPvbdGVxr1b2hvZbsiqW5xWH25efTNsLJA8knL consumed 19315 of 99700 compute units",
                    "Program ATokenGPvbdGVxr1b2hvZbsiqW5xWH25efTNsLJA8knL success",
                    "Program 675kPX9MHTjS2zt1qfr1NYHuzeLXfQM9H24wFSUt1Mp8 invoke [1]",
                    "Program log: ray_log: A49fs57TCgAAAAAAAAAAAAABAAAAAAAAAI9fs57TCgAAF4JGyAsAAADPfG36TikBAO5muWkAAAAA",
                    "Program TokenkegQfeZyiNwAJbNbGKPFXCWuBvf9Ss623VQ5DA invoke [2]",
                    "Program log: Instruction: Transfer",
                    "Program TokenkegQfeZyiNwAJbNbGKPFXCWuBvf9Ss623VQ5DA consumed 4645 of 62912 compute units",
                    "Program TokenkegQfeZyiNwAJbNbGKPFXCWuBvf9Ss623VQ5DA success",
                    "Program TokenkegQfeZyiNwAJbNbGKPFXCWuBvf9Ss623VQ5DA invoke [2]",
                    "Program log: Instruction: Transfer",
                    "Program TokenkegQfeZyiNwAJbNbGKPFXCWuBvf9Ss623VQ5DA consumed 4736 of 55286 compute units",
                    "Program TokenkegQfeZyiNwAJbNbGKPFXCWuBvf9Ss623VQ5DA success",
                    "Program 675kPX9MHTjS2zt1qfr1NYHuzeLXfQM9H24wFSUt1Mp8 consumed 30723 of 80385 compute units",
                    "Program 675kPX9MHTjS2zt1qfr1NYHuzeLXfQM9H24wFSUt1Mp8 success",
                    "Program TokenkegQfeZyiNwAJbNbGKPFXCWuBvf9Ss623VQ5DA invoke [1]",
                    "Program log: Instruction: CloseAccount",
                    "Program TokenkegQfeZyiNwAJbNbGKPFXCWuBvf9Ss623VQ5DA consumed 2997 of 49662 compute units",
                    "Program TokenkegQfeZyiNwAJbNbGKPFXCWuBvf9Ss623VQ5DA success",
                    "Program 11111111111111111111111111111111 invoke [1]",
                    "Program 11111111111111111111111111111111 success",
                    "Program 11111111111111111111111111111111 invoke [1]",
                    "Program 11111111111111111111111111111111 success",
                ],
            },
        ),
    },
    subscription: 638570,
}]
2025-01-31 18:19:27,281 [INFO] Получено сообщение: [LogsNotification {
    result: LogsNotificationResult {
        context: RpcResponseContext {
            slot: 317584164,
            api_version: None,
        },
        value: RpcLogsResponse(
            RpcLogsResponse {
                signature: "4Uzsq4TkJ2K2FKEvvG2vjCbp1XLADriVtxnUr343s6ReecrhHtaVDgd2NGkBFZWEqCMrAembpreJzwyPMCGgivjN",
                err: None,
                logs: [
                    "Program ComputeBudget111111111111111111111111111111 invoke [1]",
                    "Program ComputeBudget111111111111111111111111111111 success",
                    "Program 11111111111111111111111111111111 invoke [1]",
                    "Program 11111111111111111111111111111111 success",
                    "Program 11111111111111111111111111111111 invoke [1]",
                    "Program 11111111111111111111111111111111 success",
                    "Program 11111111111111111111111111111111 invoke [1]",
                    "Program 11111111111111111111111111111111 success",
                    "Program 11111111111111111111111111111111 invoke [1]",
                    "Program 11111111111111111111111111111111 success",
                    "Program 11111111111111111111111111111111 invoke [1]",
                    "Program 11111111111111111111111111111111 success",
                    "Program 11111111111111111111111111111111 invoke [1]",
                    "Program 11111111111111111111111111111111 success",
                    "Program 11111111111111111111111111111111 invoke [1]",
                    "Program 11111111111111111111111111111111 success",
                    "Program 11111111111111111111111111111111 invoke [1]",
                    "Program 11111111111111111111111111111111 success",
                    "Program 11111111111111111111111111111111 invoke [1]",
                    "Program 11111111111111111111111111111111 success",
                    "Program 11111111111111111111111111111111 invoke [1]",
                    "Program 11111111111111111111111111111111 success",
                    "Program 11111111111111111111111111111111 invoke [1]",
                    "Program 11111111111111111111111111111111 success",
                ],
            },
        ),
    },
    subscription: 638544,
}]
2025-01-31 18:19:27,282 [INFO] Получено сообщение: [LogsNotification {
    result: LogsNotificationResult {
        context: RpcResponseContext {
            slot: 317584164,
            api_version: None,
        },
        value: RpcLogsResponse(
            RpcLogsResponse {
                signature: "5BaT1YjPgva7skycs17Z5mNykaiNvom2oio7snfvmgSrocB3v7wZJd73XbmcfCArDmqqs6PVpmx8S2UGF6sctjwx",
                err: None,
                logs: [
                    "Program ComputeBudget111111111111111111111111111111 invoke [1]",
                    "Program ComputeBudget111111111111111111111111111111 success",
                    "Program 11111111111111111111111111111111 invoke [1]",
                    "Program 11111111111111111111111111111111 success",
                    "Program 11111111111111111111111111111111 invoke [1]",
                    "Program 11111111111111111111111111111111 success",
                    "Program 11111111111111111111111111111111 invoke [1]",
                    "Program 11111111111111111111111111111111 success",
                    "Program 11111111111111111111111111111111 invoke [1]",
                    "Program 11111111111111111111111111111111 success",
                    "Program 11111111111111111111111111111111 invoke [1]",
                    "Program 11111111111111111111111111111111 success",
                    "Program 11111111111111111111111111111111 invoke [1]",
                    "Program 11111111111111111111111111111111 success",
                    "Program 11111111111111111111111111111111 invoke [1]",
                    "Program 11111111111111111111111111111111 success",
                    "Program 11111111111111111111111111111111 invoke [1]",
                    "Program 11111111111111111111111111111111 success",
                    "Program 11111111111111111111111111111111 invoke [1]",
                    "Program 11111111111111111111111111111111 success",
                    "Program 11111111111111111111111111111111 invoke [1]",
                    "Program 11111111111111111111111111111111 success",
                    "Program 11111111111111111111111111111111 invoke [1]",
                    "Program 11111111111111111111111111111111 success",
                ],
            },
        ),
    },
    subscription: 638544,
}]
